<?xml version="1.0" encoding="UTF-8"?>
<coverage generated="1566380731640" clover="3.2.0">
  <project timestamp="1566380731640" name="All files">
    <metrics statements="20" coveredstatements="16" conditionals="0" coveredconditionals="0" methods="7" coveredmethods="4" elements="27" coveredelements="20" complexity="0" loc="20" ncloc="20" packages="1" files="3" classes="3"/>
    <file name="index.ts" path="/Users/alexbest/projects/sonarqube-poc/src/index.ts">
      <metrics statements="15" coveredstatements="13" conditionals="0" coveredconditionals="0" methods="5" coveredmethods="3"/>
      <line num="1" count="1" type="stmt"/>
      <line num="2" count="1" type="stmt"/>
      <line num="3" count="1" type="stmt"/>
      <line num="5" count="1" type="stmt"/>
      <line num="10" count="1" type="stmt"/>
      <line num="12" count="1" type="stmt"/>
      <line num="16" count="1" type="stmt"/>
      <line num="20" count="1" type="stmt"/>
      <line num="23" count="0" type="stmt"/>
      <line num="26" count="1" type="stmt"/>
      <line num="29" count="0" type="stmt"/>
      <line num="32" count="1" type="stmt"/>
      <line num="33" count="1" type="stmt"/>
      <line num="36" count="1" type="stmt"/>
      <line num="38" count="1" type="stmt"/>
    </file>
    <file name="status.ts" path="/Users/alexbest/projects/sonarqube-poc/src/status.ts">
      <metrics statements="2" coveredstatements="1" conditionals="0" coveredconditionals="0" methods="1" coveredmethods="0"/>
      <line num="1" count="1" type="stmt"/>
      <line num="2" count="0" type="stmt"/>
    </file>
    <file name="version.ts" path="/Users/alexbest/projects/sonarqube-poc/src/version.ts">
      <metrics statements="3" coveredstatements="2" conditionals="0" coveredconditionals="0" methods="1" coveredmethods="1"/>
      <line num="1" count="2" type="stmt"/>
      <line num="2" count="1" type="stmt"/>
      <line num="3" count="0" type="stmt"/>
    </file>
  </project>
</coverage>
