{"/Users/alexbest/projects/sonarqube-poc/src/index.ts": {"path":"/Users/alexbest/projects/sonarqube-poc/src/index.ts","statementMap":{"0":{"start":{"line":1,"column":0},"end":{"line":1,"column":34}},"1":{"start":{"line":2,"column":0},"end":{"line":2,"column":35}},"2":{"start":{"line":3,"column":0},"end":{"line":3,"column":33}},"3":{"start":{"line":5,"column":15},"end":{"line":8,"column":2}},"4":{"start":{"line":10,"column":17},"end":{"line":10,"column":25}},"5":{"start":{"line":12,"column":0},"end":{"line":18,"column":null}},"6":{"start":{"line":16,"column":4},"end":{"line":16,"column":null}},"7":{"start":{"line":20,"column":0},"end":{"line":24,"column":null}},"8":{"start":{"line":23,"column":23},"end":{"line":23,"column":35}},"9":{"start":{"line":26,"column":0},"end":{"line":30,"column":null}},"10":{"start":{"line":29,"column":23},"end":{"line":29,"column":37}},"11":{"start":{"line":32,"column":13},"end":{"line":34,"column":null}},"12":{"start":{"line":32,"column":24},"end":{"line":34,"column":null}},"13":{"start":{"line":33,"column":2},"end":{"line":33,"column":null}},"14":{"start":{"line":36,"column":0},"end":{"line":36,"column":null}},"15":{"start":{"line":38,"column":0},"end":{"line":38,"column":null}}},"fnMap":{"0":{"name":"(anonymous_6)","decl":{"start":{"line":15,"column":11},"end":{"line":15,"column":12}},"loc":{"start":{"line":15,"column":22},"end":{"line":17,"column":3}}},"1":{"name":"(anonymous_7)","decl":{"start":{"line":23,"column":11},"end":{"line":23,"column":12}},"loc":{"start":{"line":23,"column":23},"end":{"line":23,"column":35}}},"2":{"name":"(anonymous_8)","decl":{"start":{"line":29,"column":11},"end":{"line":29,"column":12}},"loc":{"start":{"line":29,"column":23},"end":{"line":29,"column":37}}},"3":{"name":"(anonymous_9)","decl":{"start":{"line":32,"column":13},"end":{"line":32,"column":22}},"loc":{"start":{"line":32,"column":24},"end":{"line":34,"column":null}}},"4":{"name":"(anonymous_10)","decl":{"start":{"line":32,"column":24},"end":{"line":32,"column":null}},"loc":{"start":{"line":32,"column":24},"end":{"line":34,"column":1}}}},"branchMap":{},"s":{"0":1,"1":1,"2":1,"3":1,"4":1,"5":1,"6":1,"7":1,"8":0,"9":1,"10":0,"11":1,"12":1,"13":1,"14":1,"15":1},"f":{"0":1,"1":0,"2":0,"3":1,"4":1},"b":{}}
,"/Users/alexbest/projects/sonarqube-poc/src/status.ts": {"path":"/Users/alexbest/projects/sonarqube-poc/src/status.ts","statementMap":{"0":{"start":{"line":1,"column":13},"end":{"line":3,"column":null}},"1":{"start":{"line":2,"column":1},"end":{"line":2,"column":null}}},"fnMap":{"0":{"name":"(anonymous_0)","decl":{"start":{"line":1,"column":22},"end":{"line":1,"column":23}},"loc":{"start":{"line":1,"column":36},"end":{"line":3,"column":1}}}},"branchMap":{},"s":{"0":1,"1":0},"f":{"0":0},"b":{}}
,"/Users/alexbest/projects/sonarqube-poc/src/version.ts": {"path":"/Users/alexbest/projects/sonarqube-poc/src/version.ts","statementMap":{"0":{"start":{"line":1,"column":13},"end":{"line":4,"column":null}},"1":{"start":{"line":2,"column":2},"end":{"line":2,"column":null}},"2":{"start":{"line":3,"column":2},"end":{"line":3,"column":null}}},"fnMap":{"0":{"name":"(anonymous_0)","decl":{"start":{"line":1,"column":23},"end":{"line":1,"column":24}},"loc":{"start":{"line":1,"column":37},"end":{"line":4,"column":1}}}},"branchMap":{},"s":{"0":2,"1":1,"2":0},"f":{"0":1},"b":{}}
}
